     1                                  section .data
     2 00000000 300A                    	ex db "0",10
     3 00000002 01                      	num1 db 1
     4 00000003 3E                      	num2 db 62
     5                                  
     6                                  section .text
     7                                  	global _start
     8                                  
     9                                  _start:
    10 00000000 68[02000000]            	push qword num1
    11 00000005 68[03000000]            	push qword num2
    12 0000000A E80C000000              	call _print
    13                                  	
    14 0000000F B83C000000              	mov rax, 60
    15 00000014 BF00000000              	mov rdi, 0
    16 00000019 0F05                    	syscall
    17                                  
    18                                  _print:
    19 0000001B 55                      	push rbp		; saving pointer to previous frame
    20 0000001C 4889E5                  	mov rbp, rsp		; updating base pointer to the top of the stack
    21                                  ;	push qword [rbx]	; saving value of rbx 
    22                                  	
    23 0000001F 488B4D02                	mov rcx, [rbp + 2]	; num1 relative to base pointer
    24 00000023 488B5501                	mov rdx, [rbp + 1]	; num2 relativee to base pointer
    25                                  	
    26 00000027 B801000000              	mov rax, 1
    27 0000002C 4889CF                  	mov rdi, rcx		; we will control this with num1
    28                                  
    29 0000002F 4889D3                  	mov rbx, rdx		; this one with num2
    30 00000032 003C25[00000000]        	add [ex], bh
    31                                  
    32 00000039 48BE-                   	mov rsi, ex
    32 0000003B [0000000000000000] 
    33 00000043 BA02000000              	mov rdx, 2
    34 00000048 0F05                    	syscall
    35                                  	
    36                                  ;	mov rbx, [rbp - 8]	;restoring value of rbx
    37 0000004A 4889EC                  	mov rsp, rbp
    38 0000004D 5D                      	pop rbp	
    39 0000004E C3                      	ret 
